<?xml version="1.0" encoding="UTF-8"?>
<!-- Generated by org.testng.reporters.JUnitXMLReporter -->
<testsuite hostname="SVRODK00078" ignored="0" name="MyTest" tests="1" failures="1" timestamp="27 Jul 2018 14:16:54 GMT" time="19.758" errors="0">
  <testcase name="@AfterClass closeProcess" time="0.0" classname="test.TestBase">
    <failure type="java.lang.NullPointerException">
      <![CDATA[java.lang.NullPointerException
at pages.TestPage.closeWholeProcess(TestPage.java:231)
at test.TestBase.closeProcess(TestBase.java:40)
... Removed 26 stack frames]]>
    </failure>
  </testcase> <!-- @AfterClass closeProcess -->
  <testcase name="openPage" time="0.009" classname="test.sv.HomeScreenTest">
    <failure type="java.lang.NullPointerException">
      <![CDATA[java.lang.NullPointerException
at test.sv.HomeScreenTest.openPage(HomeScreenTest.java:20)
... Removed 25 stack frames]]>
    </failure>
  </testcase> <!-- openPage -->
</testsuite> <!-- MyTest -->
