<?xml version="1.0" encoding="UTF-8"?>
<testng-results skipped="14" failed="0" total="31" passed="17">
  <reporter-output>
  </reporter-output>
  <suite name="Command line suite" duration-ms="14541" started-at="2018-07-27T13:34:49Z" finished-at="2018-07-27T13:35:04Z">
    <groups>
    </groups>
    <test name="Command line test" duration-ms="14541" started-at="2018-07-27T13:34:49Z" finished-at="2018-07-27T13:35:04Z">
      <class name="test.sv.ContactButtonTest">
        <test-method status="SKIP" signature="closeProcess()[pri:0, instance:test.sv.ContactButtonTest@457e2f02]" name="closeProcess" is-config="true" duration-ms="0" started-at="2018-07-27T16:35:00Z" finished-at="2018-07-27T16:35:00Z">
          <reporter-output>
          </reporter-output>
        </test-method> <!-- closeProcess -->
        <test-method status="SKIP" signature="navigate()[pri:0, instance:test.sv.ContactButtonTest@457e2f02]" name="navigate" is-config="true" duration-ms="0" started-at="2018-07-27T16:35:00Z" finished-at="2018-07-27T16:35:00Z">
          <reporter-output>
          </reporter-output>
        </test-method> <!-- navigate -->
        <test-method status="SKIP" signature="initialiseDriver()[pri:0, instance:test.sv.ContactButtonTest@457e2f02]" name="initialiseDriver" is-config="true" duration-ms="0" started-at="2018-07-27T16:35:00Z" finished-at="2018-07-27T16:35:00Z">
          <reporter-output>
          </reporter-output>
        </test-method> <!-- initialiseDriver -->
        <test-method status="SKIP" signature="clickingOnContactButton()[pri:0, instance:test.sv.ContactButtonTest@457e2f02]" name="clickingOnContactButton" duration-ms="0" started-at="2018-07-27T16:35:00Z" finished-at="2018-07-27T16:35:00Z">
          <reporter-output>
          </reporter-output>
        </test-method> <!-- clickingOnContactButton -->
      </class> <!-- test.sv.ContactButtonTest -->
      <class name="api.SrcAuthetificationTest">
        <test-method status="PASS" signature="authentification(java.lang.String, java.lang.String)[pri:0, instance:api.SrcAuthetificationTest@4cc0edeb]" name="authentification" duration-ms="927" started-at="2018-07-27T16:35:00Z" data-provider="Username&amp;Password" finished-at="2018-07-27T16:35:01Z">
          <params>
            <param index="0">
              <value>
                <![CDATA[ToolsQA]]>
              </value>
            </param>
            <param index="1">
              <value>
                <![CDATA[TestPassword]]>
              </value>
            </param>
          </params>
          <reporter-output>
          </reporter-output>
        </test-method> <!-- authentification -->
        <test-method status="PASS" signature="noAuthetificationTest()[pri:0, instance:api.SrcAuthetificationTest@4cc0edeb]" name="noAuthetificationTest" duration-ms="529" started-at="2018-07-27T16:35:01Z" finished-at="2018-07-27T16:35:01Z">
          <reporter-output>
          </reporter-output>
        </test-method> <!-- noAuthetificationTest -->
      </class> <!-- api.SrcAuthetificationTest -->
      <class name="test.automation.SignInTest">
        <test-method status="SKIP" signature="initialiseDriver()[pri:0, instance:test.automation.SignInTest@cc285f4]" name="initialiseDriver" is-config="true" duration-ms="0" started-at="2018-07-27T16:35:00Z" finished-at="2018-07-27T16:35:00Z">
          <reporter-output>
          </reporter-output>
        </test-method> <!-- initialiseDriver -->
        <test-method status="SKIP" signature="signOut()[pri:0, instance:test.automation.SignInTest@cc285f4]" name="signOut" duration-ms="0" started-at="2018-07-27T16:35:00Z" finished-at="2018-07-27T16:35:00Z">
          <reporter-output>
          </reporter-output>
        </test-method> <!-- signOut -->
        <test-method status="SKIP" signature="navigate()[pri:0, instance:test.automation.SignInTest@cc285f4]" name="navigate" is-config="true" duration-ms="0" started-at="2018-07-27T16:35:00Z" finished-at="2018-07-27T16:35:00Z">
          <reporter-output>
          </reporter-output>
        </test-method> <!-- navigate -->
        <test-method status="SKIP" signature="closeProcess()[pri:0, instance:test.automation.SignInTest@cc285f4]" name="closeProcess" is-config="true" duration-ms="0" started-at="2018-07-27T16:35:00Z" finished-at="2018-07-27T16:35:00Z">
          <reporter-output>
          </reporter-output>
        </test-method> <!-- closeProcess -->
        <test-method status="SKIP" signature="signIn()[pri:0, instance:test.automation.SignInTest@cc285f4]" name="signIn" duration-ms="0" started-at="2018-07-27T16:35:00Z" finished-at="2018-07-27T16:35:00Z">
          <reporter-output>
          </reporter-output>
        </test-method> <!-- signIn -->
      </class> <!-- test.automation.SignInTest -->
      <class name="api.ApiTest">
        <test-method status="PASS" signature="check()[pri:0, instance:api.ApiTest@482f8f11]" name="check" duration-ms="1622" started-at="2018-07-27T16:34:49Z" finished-at="2018-07-27T16:34:51Z">
          <reporter-output>
          </reporter-output>
        </test-method> <!-- check -->
        <test-method status="PASS" signature="create()[pri:0, instance:api.ApiTest@482f8f11]" name="create" duration-ms="734" started-at="2018-07-27T16:34:51Z" finished-at="2018-07-27T16:34:52Z">
          <reporter-output>
          </reporter-output>
        </test-method> <!-- create -->
        <test-method status="PASS" signature="getAllUsers()[pri:0, instance:api.ApiTest@482f8f11]" name="getAllUsers" duration-ms="5921" started-at="2018-07-27T16:34:52Z" finished-at="2018-07-27T16:34:57Z">
          <reporter-output>
          </reporter-output>
        </test-method> <!-- getAllUsers -->
        <test-method status="PASS" signature="getUsersRESTAssure()[pri:0, instance:api.ApiTest@482f8f11]" name="getUsersRESTAssure" duration-ms="530" started-at="2018-07-27T16:34:57Z" finished-at="2018-07-27T16:34:58Z">
          <reporter-output>
          </reporter-output>
        </test-method> <!-- getUsersRESTAssure -->
        <test-method status="PASS" signature="getUsersTestNG()[pri:0, instance:api.ApiTest@482f8f11]" name="getUsersTestNG" duration-ms="515" started-at="2018-07-27T16:34:58Z" finished-at="2018-07-27T16:34:59Z">
          <reporter-output>
          </reporter-output>
        </test-method> <!-- getUsersTestNG -->
        <test-method status="PASS" signature="json()[pri:0, instance:api.ApiTest@482f8f11]" name="json" duration-ms="361" started-at="2018-07-27T16:34:59Z" finished-at="2018-07-27T16:34:59Z">
          <reporter-output>
          </reporter-output>
        </test-method> <!-- json -->
        <test-method status="PASS" signature="notFound()[pri:0, instance:api.ApiTest@482f8f11]" name="notFound" duration-ms="364" started-at="2018-07-27T16:34:59Z" finished-at="2018-07-27T16:34:59Z">
          <reporter-output>
          </reporter-output>
        </test-method> <!-- notFound -->
        <test-method status="PASS" signature="reutrnUsers()[pri:0, instance:api.ApiTest@482f8f11]" name="reutrnUsers" duration-ms="336" started-at="2018-07-27T16:34:59Z" finished-at="2018-07-27T16:35:00Z">
          <reporter-output>
          </reporter-output>
        </test-method> <!-- reutrnUsers -->
        <test-method status="PASS" signature="statusCodeWhenAdd()[pri:0, instance:api.ApiTest@482f8f11]" name="statusCodeWhenAdd" duration-ms="322" started-at="2018-07-27T16:35:00Z" finished-at="2018-07-27T16:35:00Z">
          <reporter-output>
          </reporter-output>
        </test-method> <!-- statusCodeWhenAdd -->
      </class> <!-- api.ApiTest -->
      <class name="test.sv.HomeScreenTest">
        <test-method status="SKIP" signature="closeProcess()[pri:0, instance:test.sv.HomeScreenTest@4678c730]" name="closeProcess" is-config="true" duration-ms="0" started-at="2018-07-27T16:35:00Z" finished-at="2018-07-27T16:35:00Z">
          <reporter-output>
          </reporter-output>
        </test-method> <!-- closeProcess -->
        <test-method status="SKIP" signature="navigate()[pri:0, instance:test.sv.HomeScreenTest@4678c730]" name="navigate" is-config="true" duration-ms="0" started-at="2018-07-27T16:35:00Z" finished-at="2018-07-27T16:35:00Z">
          <reporter-output>
          </reporter-output>
        </test-method> <!-- navigate -->
        <test-method status="SKIP" signature="initialiseDriver()[pri:0, instance:test.sv.HomeScreenTest@4678c730]" name="initialiseDriver" is-config="true" duration-ms="0" started-at="2018-07-27T16:35:00Z" finished-at="2018-07-27T16:35:00Z">
          <reporter-output>
          </reporter-output>
        </test-method> <!-- initialiseDriver -->
        <test-method status="SKIP" signature="openPage()[pri:0, instance:test.sv.HomeScreenTest@4678c730]" name="openPage" duration-ms="0" started-at="2018-07-27T16:35:00Z" finished-at="2018-07-27T16:35:00Z">
          <reporter-output>
          </reporter-output>
        </test-method> <!-- openPage -->
      </class> <!-- test.sv.HomeScreenTest -->
      <class name="test.automation.CreateAccountErrorTest">
        <test-method status="SKIP" signature="initialiseDriver()[pri:0, instance:test.automation.CreateAccountErrorTest@1593948d]" name="initialiseDriver" is-config="true" duration-ms="0" started-at="2018-07-27T16:35:00Z" finished-at="2018-07-27T16:35:00Z">
          <reporter-output>
          </reporter-output>
        </test-method> <!-- initialiseDriver -->
        <test-method status="SKIP" signature="closeProcess()[pri:0, instance:test.automation.CreateAccountErrorTest@1593948d]" name="closeProcess" is-config="true" duration-ms="0" started-at="2018-07-27T16:35:00Z" finished-at="2018-07-27T16:35:00Z">
          <reporter-output>
          </reporter-output>
        </test-method> <!-- closeProcess -->
        <test-method status="SKIP" signature="navigateToWantedLink()[pri:0, instance:test.automation.CreateAccountErrorTest@1593948d]" name="navigateToWantedLink" is-config="true" duration-ms="0" started-at="2018-07-27T16:35:00Z" finished-at="2018-07-27T16:35:00Z">
          <reporter-output>
          </reporter-output>
        </test-method> <!-- navigateToWantedLink -->
        <test-method status="SKIP" signature="errorTest()[pri:0, instance:test.automation.CreateAccountErrorTest@1593948d]" name="errorTest" duration-ms="0" started-at="2018-07-27T16:35:00Z" finished-at="2018-07-27T16:35:00Z">
          <reporter-output>
          </reporter-output>
        </test-method> <!-- errorTest -->
      </class> <!-- test.automation.CreateAccountErrorTest -->
      <class name="test.automation.ChartTest">
        <test-method status="FAIL" signature="initialiseDriver()[pri:0, instance:test.automation.ChartTest@29ee9faa]" name="initialiseDriver" is-config="true" duration-ms="0" started-at="2018-07-27T16:35:00Z" finished-at="2018-07-27T16:35:00Z">
          <exception class="java.lang.NullPointerException">
            <full-stacktrace>
              <![CDATA[java.lang.NullPointerException
	at pages.TestPage.initializeDriver2(TestPage.java:86)
	at test.TestBase.initialiseDriver(TestBase.java:30)
	at sun.reflect.NativeMethodAccessorImpl.invoke0(Native Method)
	at sun.reflect.NativeMethodAccessorImpl.invoke(NativeMethodAccessorImpl.java:62)
	at sun.reflect.DelegatingMethodAccessorImpl.invoke(DelegatingMethodAccessorImpl.java:43)
	at java.lang.reflect.Method.invoke(Method.java:498)
	at org.testng.internal.MethodInvocationHelper.invokeMethod(MethodInvocationHelper.java:80)
	at org.testng.internal.Invoker.invokeConfigurationMethod(Invoker.java:564)
	at org.testng.internal.Invoker.invokeConfigurations(Invoker.java:213)
	at org.testng.internal.Invoker.invokeConfigurations(Invoker.java:138)
	at org.testng.internal.TestMethodWorker.invokeBeforeClassMethods(TestMethodWorker.java:175)
	at org.testng.internal.TestMethodWorker.run(TestMethodWorker.java:107)
	at org.testng.TestRunner.privateRun(TestRunner.java:767)
	at org.testng.TestRunner.run(TestRunner.java:617)
	at org.testng.SuiteRunner.runTest(SuiteRunner.java:334)
	at org.testng.SuiteRunner.runSequentially(SuiteRunner.java:329)
	at org.testng.SuiteRunner.privateRun(SuiteRunner.java:291)
	at org.testng.SuiteRunner.run(SuiteRunner.java:240)
	at org.testng.SuiteRunnerWorker.runSuite(SuiteRunnerWorker.java:52)
	at org.testng.SuiteRunnerWorker.run(SuiteRunnerWorker.java:86)
	at org.testng.TestNG.runSuitesSequentially(TestNG.java:1198)
	at org.testng.TestNG.runSuitesLocally(TestNG.java:1123)
	at org.testng.TestNG.run(TestNG.java:1031)
	at org.apache.maven.surefire.testng.TestNGExecutor.run(TestNGExecutor.java:77)
	at org.apache.maven.surefire.testng.TestNGDirectoryTestSuite.executeMulti(TestNGDirectoryTestSuite.java:159)
	at org.apache.maven.surefire.testng.TestNGDirectoryTestSuite.execute(TestNGDirectoryTestSuite.java:99)
	at org.apache.maven.surefire.testng.TestNGProvider.invoke(TestNGProvider.java:106)
	at sun.reflect.NativeMethodAccessorImpl.invoke0(Native Method)
	at sun.reflect.NativeMethodAccessorImpl.invoke(NativeMethodAccessorImpl.java:62)
	at sun.reflect.DelegatingMethodAccessorImpl.invoke(DelegatingMethodAccessorImpl.java:43)
	at java.lang.reflect.Method.invoke(Method.java:498)
	at org.apache.maven.surefire.util.ReflectionUtils.invokeMethodWithArray(ReflectionUtils.java:189)
	at org.apache.maven.surefire.booter.ProviderFactory$ProviderProxy.invoke(ProviderFactory.java:165)
	at org.apache.maven.surefire.booter.ProviderFactory.invokeProvider(ProviderFactory.java:85)
	at org.apache.maven.surefire.booter.ForkedBooter.runSuitesInProcess(ForkedBooter.java:115)
	at org.apache.maven.surefire.booter.ForkedBooter.main(ForkedBooter.java:75)
]]>
            </full-stacktrace>
          </exception> <!-- java.lang.NullPointerException -->
          <reporter-output>
          </reporter-output>
        </test-method> <!-- initialiseDriver -->
        <test-method status="SKIP" signature="checkAddMoreOfTheSameProductToChart()[pri:0, instance:test.automation.ChartTest@29ee9faa]" name="checkAddMoreOfTheSameProductToChart" duration-ms="0" started-at="2018-07-27T16:35:00Z" finished-at="2018-07-27T16:35:00Z">
          <reporter-output>
          </reporter-output>
        </test-method> <!-- checkAddMoreOfTheSameProductToChart -->
        <test-method status="SKIP" signature="closeProcess()[pri:0, instance:test.automation.ChartTest@29ee9faa]" name="closeProcess" is-config="true" duration-ms="0" started-at="2018-07-27T16:35:00Z" finished-at="2018-07-27T16:35:00Z">
          <reporter-output>
          </reporter-output>
        </test-method> <!-- closeProcess -->
        <test-method status="SKIP" signature="addToChart()[pri:0, instance:test.automation.ChartTest@29ee9faa]" name="addToChart" duration-ms="0" started-at="2018-07-27T16:35:00Z" finished-at="2018-07-27T16:35:00Z">
          <reporter-output>
          </reporter-output>
        </test-method> <!-- addToChart -->
        <test-method status="SKIP" signature="navigateToWantedPege()[pri:0, instance:test.automation.ChartTest@29ee9faa]" name="navigateToWantedPege" is-config="true" duration-ms="0" started-at="2018-07-27T16:35:00Z" finished-at="2018-07-27T16:35:00Z">
          <reporter-output>
          </reporter-output>
        </test-method> <!-- navigateToWantedPege -->
      </class> <!-- test.automation.ChartTest -->
      <class name="test.sv.HamburgerButtonTest">
        <test-method status="SKIP" signature="navigate()[pri:0, instance:test.sv.HamburgerButtonTest@724af044]" name="navigate" is-config="true" duration-ms="0" started-at="2018-07-27T16:35:00Z" finished-at="2018-07-27T16:35:00Z">
          <reporter-output>
          </reporter-output>
        </test-method> <!-- navigate -->
        <test-method status="SKIP" signature="initialiseDriver()[pri:0, instance:test.sv.HamburgerButtonTest@724af044]" name="initialiseDriver" is-config="true" duration-ms="0" started-at="2018-07-27T16:35:00Z" finished-at="2018-07-27T16:35:00Z">
          <reporter-output>
          </reporter-output>
        </test-method> <!-- initialiseDriver -->
        <test-method status="SKIP" signature="clickingOnHamburgerButton()[pri:0, instance:test.sv.HamburgerButtonTest@724af044]" name="clickingOnHamburgerButton" duration-ms="0" started-at="2018-07-27T16:35:00Z" finished-at="2018-07-27T16:35:00Z">
          <reporter-output>
          </reporter-output>
        </test-method> <!-- clickingOnHamburgerButton -->
        <test-method status="SKIP" signature="closeProcess()[pri:0, instance:test.sv.HamburgerButtonTest@724af044]" name="closeProcess" is-config="true" duration-ms="0" started-at="2018-07-27T16:35:00Z" finished-at="2018-07-27T16:35:00Z">
          <reporter-output>
          </reporter-output>
        </test-method> <!-- closeProcess -->
      </class> <!-- test.sv.HamburgerButtonTest -->
      <class name="api.UserTest">
        <test-method status="PASS" signature="runTests(java.lang.String, java.lang.String)[pri:0, instance:api.UserTest@7823a2f9]" name="runTests" duration-ms="507" started-at="2018-07-27T16:35:01Z" data-provider="New Users" finished-at="2018-07-27T16:35:02Z">
          <params>
            <param index="0">
              <value>
                <![CDATA[Ion Creanga]]>
              </value>
            </param>
            <param index="1">
              <value>
                <![CDATA[writer]]>
              </value>
            </param>
          </params>
          <reporter-output>
          </reporter-output>
        </test-method> <!-- runTests -->
        <test-method status="PASS" signature="runTests(java.lang.String, java.lang.String)[pri:0, instance:api.UserTest@7823a2f9]" name="runTests" duration-ms="347" started-at="2018-07-27T16:35:02Z" data-provider="New Users" finished-at="2018-07-27T16:35:02Z">
          <params>
            <param index="0">
              <value>
                <![CDATA[Mihai Eminescu]]>
              </value>
            </param>
            <param index="1">
              <value>
                <![CDATA[poet]]>
              </value>
            </param>
          </params>
          <reporter-output>
          </reporter-output>
        </test-method> <!-- runTests -->
        <test-method status="PASS" signature="runTests(java.lang.String, java.lang.String)[pri:0, instance:api.UserTest@7823a2f9]" name="runTests" duration-ms="323" started-at="2018-07-27T16:35:02Z" data-provider="New Users" finished-at="2018-07-27T16:35:03Z">
          <params>
            <param index="0">
              <value>
                <![CDATA[Simona Halep]]>
              </value>
            </param>
            <param index="1">
              <value>
                <![CDATA[tennis player]]>
              </value>
            </param>
          </params>
          <reporter-output>
          </reporter-output>
        </test-method> <!-- runTests -->
        <test-method status="PASS" signature="runTests(java.lang.String, java.lang.String)[pri:0, instance:api.UserTest@7823a2f9]" name="runTests" duration-ms="496" started-at="2018-07-27T16:35:03Z" data-provider="New Users" finished-at="2018-07-27T16:35:03Z">
          <params>
            <param index="0">
              <value>
                <![CDATA[Klaus Iohannis]]>
              </value>
            </param>
            <param index="1">
              <value>
                <![CDATA[president]]>
              </value>
            </param>
          </params>
          <reporter-output>
          </reporter-output>
        </test-method> <!-- runTests -->
        <test-method status="PASS" signature="runTests(java.lang.String, java.lang.String)[pri:0, instance:api.UserTest@7823a2f9]" name="runTests" duration-ms="328" started-at="2018-07-27T16:35:03Z" data-provider="New Users" finished-at="2018-07-27T16:35:03Z">
          <params>
            <param index="0">
              <value>
                <![CDATA[Joey Tribianni]]>
              </value>
            </param>
            <param index="1">
              <value>
                <![CDATA[actor]]>
              </value>
            </param>
          </params>
          <reporter-output>
          </reporter-output>
        </test-method> <!-- runTests -->
        <test-method status="PASS" signature="runTests(java.lang.String, java.lang.String)[pri:0, instance:api.UserTest@7823a2f9]" name="runTests" duration-ms="362" started-at="2018-07-27T16:35:03Z" data-provider="New Users" finished-at="2018-07-27T16:35:04Z">
          <params>
            <param index="0">
              <value>
                <![CDATA[Joey Tribianni]]>
              </value>
            </param>
            <param index="1">
              <value>
                <![CDATA[actor]]>
              </value>
            </param>
          </params>
          <reporter-output>
          </reporter-output>
        </test-method> <!-- runTests -->
      </class> <!-- api.UserTest -->
      <class name="test.sv.SearchTest">
        <test-method status="SKIP" signature="closeProcess()[pri:0, instance:test.sv.SearchTest@6767c1fc]" name="closeProcess" is-config="true" duration-ms="0" started-at="2018-07-27T16:35:00Z" finished-at="2018-07-27T16:35:00Z">
          <reporter-output>
          </reporter-output>
        </test-method> <!-- closeProcess -->
        <test-method status="SKIP" signature="navigate()[pri:0, instance:test.sv.SearchTest@6767c1fc]" name="navigate" is-config="true" duration-ms="0" started-at="2018-07-27T16:35:00Z" finished-at="2018-07-27T16:35:00Z">
          <reporter-output>
          </reporter-output>
        </test-method> <!-- navigate -->
        <test-method status="SKIP" signature="initialiseDriver()[pri:0, instance:test.sv.SearchTest@6767c1fc]" name="initialiseDriver" is-config="true" duration-ms="0" started-at="2018-07-27T16:35:00Z" finished-at="2018-07-27T16:35:00Z">
          <reporter-output>
          </reporter-output>
        </test-method> <!-- initialiseDriver -->
        <test-method status="SKIP" signature="searchDisplay()[pri:0, instance:test.sv.SearchTest@6767c1fc]" name="searchDisplay" duration-ms="0" started-at="2018-07-27T16:35:00Z" finished-at="2018-07-27T16:35:00Z">
          <reporter-output>
          </reporter-output>
        </test-method> <!-- searchDisplay -->
      </class> <!-- test.sv.SearchTest -->
      <class name="test.automation.ContactSignInButtonTest">
        <test-method status="SKIP" signature="navigateToContactLink()[pri:0, instance:test.automation.ContactSignInButtonTest@5c7fa833]" name="navigateToContactLink" duration-ms="0" started-at="2018-07-27T16:35:00Z" finished-at="2018-07-27T16:35:00Z">
          <reporter-output>
          </reporter-output>
        </test-method> <!-- navigateToContactLink -->
        <test-method status="SKIP" signature="navigateToWantedLink()[pri:0, instance:test.automation.ContactSignInButtonTest@5c7fa833]" name="navigateToWantedLink" is-config="true" duration-ms="0" started-at="2018-07-27T16:35:00Z" finished-at="2018-07-27T16:35:00Z">
          <reporter-output>
          </reporter-output>
        </test-method> <!-- navigateToWantedLink -->
        <test-method status="SKIP" signature="closeProcess()[pri:0, instance:test.automation.ContactSignInButtonTest@5c7fa833]" name="closeProcess" is-config="true" duration-ms="0" started-at="2018-07-27T16:35:00Z" finished-at="2018-07-27T16:35:00Z">
          <reporter-output>
          </reporter-output>
        </test-method> <!-- closeProcess -->
        <test-method status="SKIP" signature="navigateToSingInLink()[pri:0, instance:test.automation.ContactSignInButtonTest@5c7fa833]" name="navigateToSingInLink" duration-ms="0" started-at="2018-07-27T16:35:00Z" finished-at="2018-07-27T16:35:00Z">
          <reporter-output>
          </reporter-output>
        </test-method> <!-- navigateToSingInLink -->
        <test-method status="SKIP" signature="initialiseDriver()[pri:0, instance:test.automation.ContactSignInButtonTest@5c7fa833]" name="initialiseDriver" is-config="true" duration-ms="0" started-at="2018-07-27T16:35:00Z" finished-at="2018-07-27T16:35:00Z">
          <reporter-output>
          </reporter-output>
        </test-method> <!-- initialiseDriver -->
      </class> <!-- test.automation.ContactSignInButtonTest -->
      <class name="test.automation.SearchTest">
        <test-method status="SKIP" signature="navigate()[pri:0, instance:test.automation.SearchTest@1b604f19]" name="navigate" is-config="true" duration-ms="0" started-at="2018-07-27T16:35:00Z" finished-at="2018-07-27T16:35:00Z">
          <reporter-output>
          </reporter-output>
        </test-method> <!-- navigate -->
        <test-method status="SKIP" signature="searchProcess()[pri:0, instance:test.automation.SearchTest@1b604f19]" name="searchProcess" duration-ms="0" started-at="2018-07-27T16:35:00Z" finished-at="2018-07-27T16:35:00Z">
          <reporter-output>
          </reporter-output>
        </test-method> <!-- searchProcess -->
        <test-method status="SKIP" signature="invalidData()[pri:0, instance:test.automation.SearchTest@1b604f19]" name="invalidData" duration-ms="0" started-at="2018-07-27T16:35:00Z" finished-at="2018-07-27T16:35:00Z">
          <reporter-output>
          </reporter-output>
        </test-method> <!-- invalidData -->
        <test-method status="SKIP" signature="initialiseDriver()[pri:0, instance:test.automation.SearchTest@1b604f19]" name="initialiseDriver" is-config="true" duration-ms="0" started-at="2018-07-27T16:35:00Z" finished-at="2018-07-27T16:35:00Z">
          <reporter-output>
          </reporter-output>
        </test-method> <!-- initialiseDriver -->
        <test-method status="SKIP" signature="navigate()[pri:0, instance:test.automation.SearchTest@1b604f19]" name="navigate" is-config="true" duration-ms="0" started-at="2018-07-27T16:35:00Z" finished-at="2018-07-27T16:35:00Z">
          <reporter-output>
          </reporter-output>
        </test-method> <!-- navigate -->
        <test-method status="SKIP" signature="closeProcess()[pri:0, instance:test.automation.SearchTest@1b604f19]" name="closeProcess" is-config="true" duration-ms="0" started-at="2018-07-27T16:35:00Z" finished-at="2018-07-27T16:35:00Z">
          <reporter-output>
          </reporter-output>
        </test-method> <!-- closeProcess -->
      </class> <!-- test.automation.SearchTest -->
      <class name="test.sv.FooterTest">
        <test-method status="PASS" signature="selectPlatform(org.testng.ITestContext)[pri:0, instance:test.sv.FooterTest@58651fd0]" name="selectPlatform" is-config="true" duration-ms="6" started-at="2018-07-27T16:34:49Z" finished-at="2018-07-27T16:34:49Z">
          <params>
            <param index="0">
              <value>
                <![CDATA[org.testng.TestRunner@2459319c]]>
              </value>
            </param>
          </params>
          <reporter-output>
          </reporter-output>
        </test-method> <!-- selectPlatform -->
        <test-method status="SKIP" signature="closeProcess()[pri:0, instance:test.sv.FooterTest@58651fd0]" name="closeProcess" is-config="true" duration-ms="0" started-at="2018-07-27T16:35:00Z" finished-at="2018-07-27T16:35:00Z">
          <reporter-output>
          </reporter-output>
        </test-method> <!-- closeProcess -->
        <test-method status="SKIP" signature="initialiseDriver()[pri:0, instance:test.sv.FooterTest@58651fd0]" name="initialiseDriver" is-config="true" duration-ms="0" started-at="2018-07-27T16:35:00Z" finished-at="2018-07-27T16:35:00Z">
          <reporter-output>
          </reporter-output>
        </test-method> <!-- initialiseDriver -->
        <test-method status="SKIP" signature="navigate()[pri:0, instance:test.sv.FooterTest@58651fd0]" name="navigate" is-config="true" duration-ms="0" started-at="2018-07-27T16:35:00Z" finished-at="2018-07-27T16:35:00Z">
          <reporter-output>
          </reporter-output>
        </test-method> <!-- navigate -->
        <test-method status="SKIP" signature="footerDisplayed()[pri:0, instance:test.sv.FooterTest@58651fd0]" name="footerDisplayed" duration-ms="0" started-at="2018-07-27T16:35:00Z" finished-at="2018-07-27T16:35:00Z">
          <reporter-output>
          </reporter-output>
        </test-method> <!-- footerDisplayed -->
      </class> <!-- test.sv.FooterTest -->
    </test> <!-- Command line test -->
  </suite> <!-- Command line suite -->
</testng-results>
