<?xml version="1.0" encoding="UTF-8" ?>
<testsuite tests="62" failures="1" name="TestSuite" time="15.181" errors="0" skipped="44">
  <properties>
[...]
</properties>
  <testcase classname="api.ApiTest" name="check" time="1.622"/>
  <testcase classname="api.ApiTest" name="create" time="0.737"/>
  <testcase classname="api.ApiTest" name="getAllUsers" time="5.918"/>
  <testcase classname="api.ApiTest" name="getUsersRESTAssure" time="0.53"/>
  <testcase classname="api.ApiTest" name="getUsersTestNG" time="0.515"/>
  <testcase classname="api.ApiTest" name="json" time="0.362"/>
  <testcase classname="api.ApiTest" name="notFound" time="0.364"/>
  <testcase classname="api.ApiTest" name="reutrnUsers" time="0.337"/>
  <testcase classname="api.ApiTest" name="statusCodeWhenAdd" time="0.319"/>
  <testcase classname="test.automation.ChartTest" name="initialiseDriver" time="0.322">
    <failure type="java.lang.NullPointerException">java.lang.NullPointerException
	at pages.TestPage.initializeDriver2(TestPage.java:86)
	at test.TestBase.initialiseDriver(TestBase.java:30)
	at sun.reflect.NativeMethodAccessorImpl.invoke0(Native Method)
	at sun.reflect.NativeMethodAccessorImpl.invoke(NativeMethodAccessorImpl.java:62)
	at sun.reflect.DelegatingMethodAccessorImpl.invoke(DelegatingMethodAccessorImpl.java:43)
	at java.lang.reflect.Method.invoke(Method.java:498)
	at org.testng.internal.MethodInvocationHelper.invokeMethod(MethodInvocationHelper.java:80)
	at org.testng.internal.Invoker.invokeConfigurationMethod(Invoker.java:564)
	at org.testng.internal.Invoker.invokeConfigurations(Invoker.java:213)
	at org.testng.internal.Invoker.invokeConfigurations(Invoker.java:138)
	at org.testng.internal.TestMethodWorker.invokeBeforeClassMethods(TestMethodWorker.java:175)
	at org.testng.internal.TestMethodWorker.run(TestMethodWorker.java:107)
	at org.testng.TestRunner.privateRun(TestRunner.java:767)
	at org.testng.TestRunner.run(TestRunner.java:617)
	at org.testng.SuiteRunner.runTest(SuiteRunner.java:334)
	at org.testng.SuiteRunner.runSequentially(SuiteRunner.java:329)
	at org.testng.SuiteRunner.privateRun(SuiteRunner.java:291)
	at org.testng.SuiteRunner.run(SuiteRunner.java:240)
	at org.testng.SuiteRunnerWorker.runSuite(SuiteRunnerWorker.java:52)
	at org.testng.SuiteRunnerWorker.run(SuiteRunnerWorker.java:86)
	at org.testng.TestNG.runSuitesSequentially(TestNG.java:1198)
	at org.testng.TestNG.runSuitesLocally(TestNG.java:1123)
	at org.testng.TestNG.run(TestNG.java:1031)
	at org.apache.maven.surefire.testng.TestNGExecutor.run(TestNGExecutor.java:77)
	at org.apache.maven.surefire.testng.TestNGDirectoryTestSuite.executeMulti(TestNGDirectoryTestSuite.java:159)
	at org.apache.maven.surefire.testng.TestNGDirectoryTestSuite.execute(TestNGDirectoryTestSuite.java:99)
	at org.apache.maven.surefire.testng.TestNGProvider.invoke(TestNGProvider.java:106)
	at sun.reflect.NativeMethodAccessorImpl.invoke0(Native Method)
	at sun.reflect.NativeMethodAccessorImpl.invoke(NativeMethodAccessorImpl.java:62)
	at sun.reflect.DelegatingMethodAccessorImpl.invoke(DelegatingMethodAccessorImpl.java:43)
	at java.lang.reflect.Method.invoke(Method.java:498)
	at org.apache.maven.surefire.util.ReflectionUtils.invokeMethodWithArray(ReflectionUtils.java:189)
	at org.apache.maven.surefire.booter.ProviderFactory$ProviderProxy.invoke(ProviderFactory.java:165)
	at org.apache.maven.surefire.booter.ProviderFactory.invokeProvider(ProviderFactory.java:85)
	at org.apache.maven.surefire.booter.ForkedBooter.runSuitesInProcess(ForkedBooter.java:115)
	at org.apache.maven.surefire.booter.ForkedBooter.main(ForkedBooter.java:75)
</failure>
  </testcase>
  <testcase classname="test.automation.ChartTest" name="navigateToWantedPege" time="0.322">
    <skipped/>
  </testcase>
  <testcase classname="test.automation.ChartTest" name="addToChart" time="0">
    <skipped/>
  </testcase>
  <testcase classname="test.automation.ChartTest" name="checkAddMoreOfTheSameProductToChart" time="0">
    <skipped/>
  </testcase>
  <testcase classname="test.automation.ChartTest" name="closeProcess" time="0">
    <skipped/>
  </testcase>
  <testcase classname="test.sv.ContactButtonTest" name="initialiseDriver" time="0">
    <skipped/>
  </testcase>
  <testcase classname="test.sv.ContactButtonTest" name="navigate" time="0">
    <skipped/>
  </testcase>
  <testcase classname="test.sv.ContactButtonTest" name="clickingOnContactButton" time="0">
    <skipped/>
  </testcase>
  <testcase classname="test.sv.ContactButtonTest" name="closeProcess" time="0">
    <skipped/>
  </testcase>
  <testcase classname="test.automation.ContactSignInButtonTest" name="initialiseDriver" time="0">
    <skipped/>
  </testcase>
  <testcase classname="test.automation.ContactSignInButtonTest" name="navigateToWantedLink" time="0">
    <skipped/>
  </testcase>
  <testcase classname="test.automation.ContactSignInButtonTest" name="navigateToContactLink" time="0">
    <skipped/>
  </testcase>
  <testcase classname="test.automation.ContactSignInButtonTest" name="navigateToSingInLink" time="0">
    <skipped/>
  </testcase>
  <testcase classname="test.automation.ContactSignInButtonTest" name="closeProcess" time="0">
    <skipped/>
  </testcase>
  <testcase classname="test.automation.CreateAccountErrorTest" name="initialiseDriver" time="0">
    <skipped/>
  </testcase>
  <testcase classname="test.automation.CreateAccountErrorTest" name="navigateToWantedLink" time="0">
    <skipped/>
  </testcase>
  <testcase classname="test.automation.CreateAccountErrorTest" name="errorTest" time="0">
    <skipped/>
  </testcase>
  <testcase classname="test.automation.CreateAccountErrorTest" name="closeProcess" time="0">
    <skipped/>
  </testcase>
  <testcase classname="test.sv.FooterTest" name="initialiseDriver" time="0">
    <skipped/>
  </testcase>
  <testcase classname="test.sv.FooterTest" name="navigate" time="0">
    <skipped/>
  </testcase>
  <testcase classname="test.sv.FooterTest" name="footerDisplayed" time="0">
    <skipped/>
  </testcase>
  <testcase classname="test.sv.FooterTest" name="closeProcess" time="0">
    <skipped/>
  </testcase>
  <testcase classname="test.sv.HamburgerButtonTest" name="initialiseDriver" time="0">
    <skipped/>
  </testcase>
  <testcase classname="test.sv.HamburgerButtonTest" name="navigate" time="0">
    <skipped/>
  </testcase>
  <testcase classname="test.sv.HamburgerButtonTest" name="clickingOnHamburgerButton" time="0">
    <skipped/>
  </testcase>
  <testcase classname="test.sv.HamburgerButtonTest" name="closeProcess" time="0">
    <skipped/>
  </testcase>
  <testcase classname="test.sv.HomeScreenTest" name="initialiseDriver" time="0.001">
    <skipped/>
  </testcase>
  <testcase classname="test.sv.HomeScreenTest" name="navigate" time="0.001">
    <skipped/>
  </testcase>
  <testcase classname="test.sv.HomeScreenTest" name="openPage" time="0">
    <skipped/>
  </testcase>
  <testcase classname="test.sv.HomeScreenTest" name="closeProcess" time="0">
    <skipped/>
  </testcase>
  <testcase classname="test.automation.SearchTest" name="initialiseDriver" time="0">
    <skipped/>
  </testcase>
  <testcase classname="test.automation.SearchTest" name="navigate" time="0">
    <skipped/>
  </testcase>
  <testcase classname="test.automation.SearchTest" name="invalidData" time="0">
    <skipped/>
  </testcase>
  <testcase classname="test.automation.SearchTest" name="navigate" time="0">
    <skipped/>
  </testcase>
  <testcase classname="test.automation.SearchTest" name="searchProcess" time="0">
    <skipped/>
  </testcase>
  <testcase classname="test.automation.SearchTest" name="closeProcess" time="0">
    <skipped/>
  </testcase>
  <testcase classname="test.sv.SearchTest" name="initialiseDriver" time="0">
    <skipped/>
  </testcase>
  <testcase classname="test.sv.SearchTest" name="navigate" time="0.001">
    <skipped/>
  </testcase>
  <testcase classname="test.sv.SearchTest" name="searchDisplay" time="0">
    <skipped/>
  </testcase>
  <testcase classname="test.sv.SearchTest" name="closeProcess" time="0">
    <skipped/>
  </testcase>
  <testcase classname="test.automation.SignInTest" name="initialiseDriver" time="0">
    <skipped/>
  </testcase>
  <testcase classname="test.automation.SignInTest" name="navigate" time="0">
    <skipped/>
  </testcase>
  <testcase classname="test.automation.SignInTest" name="signIn" time="0">
    <skipped/>
  </testcase>
  <testcase classname="test.automation.SignInTest" name="signOut" time="0">
    <skipped/>
  </testcase>
  <testcase classname="test.automation.SignInTest" name="closeProcess" time="0">
    <skipped/>
  </testcase>
  <testcase classname="api.SrcAuthetificationTest" name="authentification" time="0.931"/>
  <testcase classname="api.SrcAuthetificationTest" name="noAuthetificationTest" time="0.527"/>
  <testcase classname="api.UserTest" name="runTests" time="0.506"/>
  <testcase classname="api.UserTest" name="runTests" time="0.348"/>
  <testcase classname="api.UserTest" name="runTests" time="0.322"/>
  <testcase classname="api.UserTest" name="runTests" time="0.496"/>
  <testcase classname="api.UserTest" name="runTests" time="0.328"/>
  <testcase classname="api.UserTest" name="runTests" time="0.372"/>
</testsuite>