<?xml version="1.0" encoding="UTF-8"?>
<!-- Generated by org.testng.reporters.JUnitXMLReporter -->
<testsuite hostname="SVRODK00078" name="Command line test" tests="31" failures="0" timestamp="27 Jul 2018 13:35:04 GMT" time="14.541" errors="0">
  <testcase name="@BeforeClass initialiseDriver" time="0.0" classname="test.automation.ChartTest">
    <failure type="java.lang.NullPointerException">
      <![CDATA[java.lang.NullPointerException
	at pages.TestPage.initializeDriver2(TestPage.java:86)
	at test.TestBase.initialiseDriver(TestBase.java:30)
	at org.apache.maven.surefire.testng.TestNGExecutor.run(TestNGExecutor.java:77)
	at org.apache.maven.surefire.testng.TestNGDirectoryTestSuite.executeMulti(TestNGDirectoryTestSuite.java:159)
	at org.apache.maven.surefire.testng.TestNGDirectoryTestSuite.execute(TestNGDirectoryTestSuite.java:99)
	at org.apache.maven.surefire.testng.TestNGProvider.invoke(TestNGProvider.java:106)
	at org.apache.maven.surefire.util.ReflectionUtils.invokeMethodWithArray(ReflectionUtils.java:189)
	at org.apache.maven.surefire.booter.ProviderFactory$ProviderProxy.invoke(ProviderFactory.java:165)
	at org.apache.maven.surefire.booter.ProviderFactory.invokeProvider(ProviderFactory.java:85)
	at org.apache.maven.surefire.booter.ForkedBooter.runSuitesInProcess(ForkedBooter.java:115)
	at org.apache.maven.surefire.booter.ForkedBooter.main(ForkedBooter.java:75)
... Removed 25 stack frames]]>
    </failure>
  </testcase> <!-- @BeforeClass initialiseDriver -->
  <testcase name="@BeforeClass navigateToWantedPege" time="0.0" classname="test.automation.ChartTest">
    <skipped/>
  </testcase> <!-- @BeforeClass navigateToWantedPege -->
  <testcase name="@AfterClass closeProcess" time="0.0" classname="test.automation.ChartTest">
    <skipped/>
  </testcase> <!-- @AfterClass closeProcess -->
  <testcase name="@BeforeClass initialiseDriver" time="0.0" classname="test.sv.ContactButtonTest">
    <skipped/>
  </testcase> <!-- @BeforeClass initialiseDriver -->
  <testcase name="@BeforeClass navigate" time="0.0" classname="test.sv.ContactButtonTest">
    <skipped/>
  </testcase> <!-- @BeforeClass navigate -->
  <testcase name="@AfterClass closeProcess" time="0.0" classname="test.sv.ContactButtonTest">
    <skipped/>
  </testcase> <!-- @AfterClass closeProcess -->
  <testcase name="@BeforeClass initialiseDriver" time="0.0" classname="test.automation.ContactSignInButtonTest">
    <skipped/>
  </testcase> <!-- @BeforeClass initialiseDriver -->
  <testcase name="@BeforeClass navigateToWantedLink" time="0.0" classname="test.automation.ContactSignInButtonTest">
    <skipped/>
  </testcase> <!-- @BeforeClass navigateToWantedLink -->
  <testcase name="@AfterClass closeProcess" time="0.0" classname="test.automation.ContactSignInButtonTest">
    <skipped/>
  </testcase> <!-- @AfterClass closeProcess -->
  <testcase name="@BeforeClass initialiseDriver" time="0.0" classname="test.automation.CreateAccountErrorTest">
    <skipped/>
  </testcase> <!-- @BeforeClass initialiseDriver -->
  <testcase name="@BeforeClass navigateToWantedLink" time="0.0" classname="test.automation.CreateAccountErrorTest">
    <skipped/>
  </testcase> <!-- @BeforeClass navigateToWantedLink -->
  <testcase name="@AfterClass closeProcess" time="0.0" classname="test.automation.CreateAccountErrorTest">
    <skipped/>
  </testcase> <!-- @AfterClass closeProcess -->
  <testcase name="@BeforeClass initialiseDriver" time="0.0" classname="test.sv.FooterTest">
    <skipped/>
  </testcase> <!-- @BeforeClass initialiseDriver -->
  <testcase name="@BeforeClass navigate" time="0.0" classname="test.sv.FooterTest">
    <skipped/>
  </testcase> <!-- @BeforeClass navigate -->
  <testcase name="@AfterClass closeProcess" time="0.0" classname="test.sv.FooterTest">
    <skipped/>
  </testcase> <!-- @AfterClass closeProcess -->
  <testcase name="@BeforeClass initialiseDriver" time="0.0" classname="test.sv.HamburgerButtonTest">
    <skipped/>
  </testcase> <!-- @BeforeClass initialiseDriver -->
  <testcase name="@BeforeClass navigate" time="0.0" classname="test.sv.HamburgerButtonTest">
    <skipped/>
  </testcase> <!-- @BeforeClass navigate -->
  <testcase name="@AfterClass closeProcess" time="0.0" classname="test.sv.HamburgerButtonTest">
    <skipped/>
  </testcase> <!-- @AfterClass closeProcess -->
  <testcase name="@BeforeClass initialiseDriver" time="0.0" classname="test.sv.HomeScreenTest">
    <skipped/>
  </testcase> <!-- @BeforeClass initialiseDriver -->
  <testcase name="@BeforeClass navigate" time="0.0" classname="test.sv.HomeScreenTest">
    <skipped/>
  </testcase> <!-- @BeforeClass navigate -->
  <testcase name="@AfterClass closeProcess" time="0.0" classname="test.sv.HomeScreenTest">
    <skipped/>
  </testcase> <!-- @AfterClass closeProcess -->
  <testcase name="@BeforeClass initialiseDriver" time="0.0" classname="test.automation.SearchTest">
    <skipped/>
  </testcase> <!-- @BeforeClass initialiseDriver -->
  <testcase name="@BeforeMethod navigate" time="0.0" classname="test.automation.SearchTest">
    <skipped/>
  </testcase> <!-- @BeforeMethod navigate -->
  <testcase name="@BeforeMethod navigate" time="0.0" classname="test.automation.SearchTest">
    <skipped/>
  </testcase> <!-- @BeforeMethod navigate -->
  <testcase name="@AfterClass closeProcess" time="0.0" classname="test.automation.SearchTest">
    <skipped/>
  </testcase> <!-- @AfterClass closeProcess -->
  <testcase name="@BeforeClass initialiseDriver" time="0.0" classname="test.sv.SearchTest">
    <skipped/>
  </testcase> <!-- @BeforeClass initialiseDriver -->
  <testcase name="@BeforeClass navigate" time="0.0" classname="test.sv.SearchTest">
    <skipped/>
  </testcase> <!-- @BeforeClass navigate -->
  <testcase name="@AfterClass closeProcess" time="0.0" classname="test.sv.SearchTest">
    <skipped/>
  </testcase> <!-- @AfterClass closeProcess -->
  <testcase name="@BeforeClass initialiseDriver" time="0.0" classname="test.automation.SignInTest">
    <skipped/>
  </testcase> <!-- @BeforeClass initialiseDriver -->
  <testcase name="@BeforeClass navigate" time="0.0" classname="test.automation.SignInTest">
    <skipped/>
  </testcase> <!-- @BeforeClass navigate -->
  <testcase name="@AfterClass closeProcess" time="0.0" classname="test.automation.SignInTest">
    <skipped/>
  </testcase> <!-- @AfterClass closeProcess -->
  <testcase name="check" time="1.622" classname="api.ApiTest"/>
  <testcase name="create" time="0.734" classname="api.ApiTest"/>
  <testcase name="getAllUsers" time="5.921" classname="api.ApiTest"/>
  <testcase name="getUsersRESTAssure" time="0.53" classname="api.ApiTest"/>
  <testcase name="getUsersTestNG" time="0.515" classname="api.ApiTest"/>
  <testcase name="json" time="0.361" classname="api.ApiTest"/>
  <testcase name="notFound" time="0.364" classname="api.ApiTest"/>
  <testcase name="reutrnUsers" time="0.336" classname="api.ApiTest"/>
  <testcase name="statusCodeWhenAdd" time="0.322" classname="api.ApiTest"/>
  <testcase name="addToChart" time="0.0" classname="test.automation.ChartTest">
    <skipped/>
  </testcase> <!-- addToChart -->
  <testcase name="checkAddMoreOfTheSameProductToChart" time="0.0" classname="test.automation.ChartTest">
    <skipped/>
  </testcase> <!-- checkAddMoreOfTheSameProductToChart -->
  <testcase name="clickingOnContactButton" time="0.0" classname="test.sv.ContactButtonTest">
    <skipped/>
  </testcase> <!-- clickingOnContactButton -->
  <testcase name="navigateToContactLink" time="0.0" classname="test.automation.ContactSignInButtonTest">
    <skipped/>
  </testcase> <!-- navigateToContactLink -->
  <testcase name="navigateToSingInLink" time="0.0" classname="test.automation.ContactSignInButtonTest">
    <skipped/>
  </testcase> <!-- navigateToSingInLink -->
  <testcase name="errorTest" time="0.0" classname="test.automation.CreateAccountErrorTest">
    <skipped/>
  </testcase> <!-- errorTest -->
  <testcase name="footerDisplayed" time="0.0" classname="test.sv.FooterTest">
    <skipped/>
  </testcase> <!-- footerDisplayed -->
  <testcase name="clickingOnHamburgerButton" time="0.0" classname="test.sv.HamburgerButtonTest">
    <skipped/>
  </testcase> <!-- clickingOnHamburgerButton -->
  <testcase name="openPage" time="0.0" classname="test.sv.HomeScreenTest">
    <skipped/>
  </testcase> <!-- openPage -->
  <testcase name="invalidData" time="0.0" classname="test.automation.SearchTest">
    <skipped/>
  </testcase> <!-- invalidData -->
  <testcase name="searchProcess" time="0.0" classname="test.automation.SearchTest">
    <skipped/>
  </testcase> <!-- searchProcess -->
  <testcase name="searchDisplay" time="0.0" classname="test.sv.SearchTest">
    <skipped/>
  </testcase> <!-- searchDisplay -->
  <testcase name="signIn" time="0.0" classname="test.automation.SignInTest">
    <skipped/>
  </testcase> <!-- signIn -->
  <testcase name="signOut" time="0.0" classname="test.automation.SignInTest">
    <skipped/>
  </testcase> <!-- signOut -->
  <testcase name="authentification" time="0.927" classname="api.SrcAuthetificationTest"/>
  <testcase name="noAuthetificationTest" time="0.529" classname="api.SrcAuthetificationTest"/>
  <testcase name="runTests" time="0.507" classname="api.UserTest"/>
  <testcase name="runTests" time="0.347" classname="api.UserTest"/>
  <testcase name="runTests" time="0.323" classname="api.UserTest"/>
  <testcase name="runTests" time="0.496" classname="api.UserTest"/>
  <testcase name="runTests" time="0.328" classname="api.UserTest"/>
  <testcase name="runTests" time="0.362" classname="api.UserTest"/>
</testsuite> <!-- Command line test -->
