<?xml version="1.0" encoding="UTF-8"?>
<!-- Generated by org.testng.reporters.JUnitXMLReporter -->
<testsuite hostname="SVRODK00078" ignored="0" name="Default test" tests="17" failures="0" timestamp="27 Jul 2018 11:19:08 GMT" time="14.331" errors="0">
  <testcase name="runTests" time="1.878" classname="api.UserTest"/>
  <testcase name="runTests" time="0.533" classname="api.UserTest"/>
  <testcase name="runTests" time="0.51" classname="api.UserTest"/>
  <testcase name="runTests" time="0.358" classname="api.UserTest"/>
  <testcase name="runTests" time="0.519" classname="api.UserTest"/>
  <testcase name="runTests" time="0.365" classname="api.UserTest"/>
  <testcase name="authentification" time="0.885" classname="api.SrcAuthetificationTest"/>
  <testcase name="noAuthetificationTest" time="0.449" classname="api.SrcAuthetificationTest"/>
  <testcase name="check" time="0.369" classname="api.ApiTest"/>
  <testcase name="create" time="0.512" classname="api.ApiTest"/>
  <testcase name="getAllUsers" time="4.966" classname="api.ApiTest"/>
  <testcase name="getUsersRESTAssure" time="1.047" classname="api.ApiTest"/>
  <testcase name="getUsersTestNG" time="0.497" classname="api.ApiTest"/>
  <testcase name="json" time="0.334" classname="api.ApiTest"/>
  <testcase name="notFound" time="0.358" classname="api.ApiTest"/>
  <testcase name="reutrnUsers" time="0.331" classname="api.ApiTest"/>
  <testcase name="statusCodeWhenAdd" time="0.361" classname="api.ApiTest"/>
</testsuite> <!-- Default test -->
